# JRE version: OpenJDK Runtime Environment (8.0_242-b01) (build 1.8.0_242-release-1644-b01)
# Java VM: OpenJDK 64-Bit Server VM (25.242-b01 mixed mode windows-amd64 compressed oops)
Heap:
 PSYoungGen      total 518656K, used 20345K [0x00000000d5580000, 0x00000000f6f80000, 0x0000000100000000)
  eden space 488960K, 3% used [0x00000000d5580000,0x00000000d65e1fc8,0x00000000f3300000)
  from space 29696K, 12% used [0x00000000f3580000,0x00000000f38fc4f0,0x00000000f5280000)
  to   space 17408K, 0% used [0x00000000f5e80000,0x00000000f5e80000,0x00000000f6f80000)
 ParOldGen       total 260608K, used 153898K [0x0000000080000000, 0x000000008fe80000, 0x00000000d5580000)
  object space 260608K, 59% used [0x0000000080000000,0x000000008964aaa0,0x000000008fe80000)
 Metaspace       used 88907K, capacity 93322K, committed 93440K, reserved 1130496K
  class space    used 11921K, capacity 12760K, committed 12800K, reserved 1048576K
GC Heap History (10 events):
Event: 10.156 GC heap before
{Heap before GC invocations=13 (full 3):
 PSYoungGen      total 382464K, used 17907K [0x00000000d5580000, 0x00000000ee680000, 0x0000000100000000)
  eden space 364544K, 0% used [0x00000000d5580000,0x00000000d5580000,0x00000000eb980000)
  from space 17920K, 99% used [0x00000000ed200000,0x00000000ee37cea8,0x00000000ee380000)
  to   space 23040K, 0% used [0x00000000eb980000,0x00000000eb980000,0x00000000ed000000)
 ParOldGen       total 63488K, used 24465K [0x0000000080000000, 0x0000000083e00000, 0x00000000d5580000)
  object space 63488K, 38% used [0x0000000080000000,0x00000000817e46b8,0x0000000083e00000)
 Metaspace       used 56705K, capacity 58886K, committed 59028K, reserved 1099776K
  class space    used 7654K, capacity 8112K, committed 8192K, reserved 1048576K
Event: 10.337 GC heap after
Heap after GC invocations=13 (full 3):
 PSYoungGen      total 382464K, used 0K [0x00000000d5580000, 0x00000000ee680000, 0x0000000100000000)
  eden space 364544K, 0% used [0x00000000d5580000,0x00000000d5580000,0x00000000eb980000)
  from space 17920K, 0% used [0x00000000ed200000,0x00000000ed200000,0x00000000ee380000)
  to   space 23040K, 0% used [0x00000000eb980000,0x00000000eb980000,0x00000000ed000000)
 ParOldGen       total 94720K, used 36828K [0x0000000080000000, 0x0000000085c80000, 0x00000000d5580000)
  object space 94720K, 38% used [0x0000000080000000,0x00000000823f7370,0x0000000085c80000)
 Metaspace       used 56701K, capacity 58874K, committed 59028K, reserved 1099776K
  class space    used 7653K, capacity 8110K, committed 8192K, reserved 1048576K
}
Event: 16.100 GC heap before
{Heap before GC invocations=14 (full 3):
 PSYoungGen      total 382464K, used 364544K [0x00000000d5580000, 0x00000000ee680000, 0x0000000100000000)
  eden space 364544K, 100% used [0x00000000d5580000,0x00000000eb980000,0x00000000eb980000)
  from space 17920K, 0% used [0x00000000ed200000,0x00000000ed200000,0x00000000ee380000)
  to   space 23040K, 0% used [0x00000000eb980000,0x00000000eb980000,0x00000000ed000000)
 ParOldGen       total 94720K, used 36828K [0x0000000080000000, 0x0000000085c80000, 0x00000000d5580000)
  object space 94720K, 38% used [0x0000000080000000,0x00000000823f7370,0x0000000085c80000)
 Metaspace       used 72290K, capacity 75436K, committed 75776K, reserved 1114112K
  class space    used 9801K, capacity 10409K, committed 10496K, reserved 1048576K
Event: 16.143 GC heap after
Heap after GC invocations=14 (full 3):
 PSYoungGen      total 387584K, used 23014K [0x00000000d5580000, 0x00000000f7b80000, 0x0000000100000000)
  eden space 364544K, 0% used [0x00000000d5580000,0x00000000d5580000,0x00000000eb980000)
  from space 23040K, 99% used [0x00000000eb980000,0x00000000ecff9a38,0x00000000ed000000)
  to   space 29696K, 0% used [0x00000000f5e80000,0x00000000f5e80000,0x00000000f7b80000)
 ParOldGen       total 94720K, used 46106K [0x0000000080000000, 0x0000000085c80000, 0x00000000d5580000)
  object space 94720K, 48% used [0x0000000080000000,0x0000000082d069f8,0x0000000085c80000)
 Metaspace       used 72290K, capacity 75436K, committed 75776K, reserved 1114112K
  class space    used 9801K, capacity 10409K, committed 10496K, reserved 1048576K
}
Event: 133.450 GC heap before
{Heap before GC invocations=15 (full 3):
 PSYoungGen      total 387584K, used 387558K [0x00000000d5580000, 0x00000000f7b80000, 0x0000000100000000)
  eden space 364544K, 100% used [0x00000000d5580000,0x00000000eb980000,0x00000000eb980000)
  from space 23040K, 99% used [0x00000000eb980000,0x00000000ecff9a38,0x00000000ed000000)
  to   space 29696K, 0% used [0x00000000f5e80000,0x00000000f5e80000,0x00000000f7b80000)
 ParOldGen       total 94720K, used 46106K [0x0000000080000000, 0x0000000085c80000, 0x00000000d5580000)
  object space 94720K, 48% used [0x0000000080000000,0x0000000082d069f8,0x0000000085c80000)
 Metaspace       used 79002K, capacity 82458K, committed 82560K, reserved 1120256K
  class space    used 10420K, capacity 11054K, committed 11136K, reserved 1048576K
Event: 133.503 GC heap after
Heap after GC invocations=15 (full 3):
 PSYoungGen      total 506368K, used 17234K [0x00000000d5580000, 0x00000000f6f80000, 0x0000000100000000)
  eden space 488960K, 0% used [0x00000000d5580000,0x00000000d5580000,0x00000000f3300000)
  from space 17408K, 99% used [0x00000000f5e80000,0x00000000f6f54ad0,0x00000000f6f80000)
  to   space 29696K, 0% used [0x00000000f3580000,0x00000000f3580000,0x00000000f5280000)
 ParOldGen       total 94720K, used 64600K [0x0000000080000000, 0x0000000085c80000, 0x00000000d5580000)
  object space 94720K, 68% used [0x0000000080000000,0x0000000083f162d0,0x0000000085c80000)
 Metaspace       used 79002K, capacity 82458K, committed 82560K, reserved 1120256K
  class space    used 10420K, capacity 11054K, committed 11136K, reserved 1048576K
}
Event: 138.159 GC heap before
{Heap before GC invocations=16 (full 3):
 PSYoungGen      total 506368K, used 506194K [0x00000000d5580000, 0x00000000f6f80000, 0x0000000100000000)
  eden space 488960K, 100% used [0x00000000d5580000,0x00000000f3300000,0x00000000f3300000)
  from space 17408K, 99% used [0x00000000f5e80000,0x00000000f6f54ad0,0x00000000f6f80000)
  to   space 29696K, 0% used [0x00000000f3580000,0x00000000f3580000,0x00000000f5280000)
 ParOldGen       total 94720K, used 64600K [0x0000000080000000, 0x0000000085c80000, 0x00000000d5580000)
  object space 94720K, 68% used [0x0000000080000000,0x0000000083f162d0,0x0000000085c80000)
 Metaspace       used 88889K, capacity 93358K, committed 93440K, reserved 1130496K
  class space    used 11925K, capacity 12768K, committed 12800K, reserved 1048576K
Event: 138.427 GC heap after
Heap after GC invocations=16 (full 3):
 PSYoungGen      total 518656K, used 29685K [0x00000000d5580000, 0x00000000f6f80000, 0x0000000100000000)
  eden space 488960K, 0% used [0x00000000d5580000,0x00000000d5580000,0x00000000f3300000)
  from space 29696K, 99% used [0x00000000f3580000,0x00000000f527d440,0x00000000f5280000)
  to   space 17408K, 0% used [0x00000000f5e80000,0x00000000f5e80000,0x00000000f6f80000)
 ParOldGen       total 154112K, used 153956K [0x0000000080000000, 0x0000000089680000, 0x00000000d5580000)
  object space 154112K, 99% used [0x0000000080000000,0x00000000896591b0,0x0000000089680000)
 Metaspace       used 88889K, capacity 93358K, committed 93440K, reserved 1130496K
  class space    used 11925K, capacity 12768K, committed 12800K, reserved 1048576K
}
Event: 138.427 GC heap before
{Heap before GC invocations=17 (full 4):
 PSYoungGen      total 518656K, used 29685K [0x00000000d5580000, 0x00000000f6f80000, 0x0000000100000000)
  eden space 488960K, 0% used [0x00000000d5580000,0x00000000d5580000,0x00000000f3300000)
  from space 29696K, 99% used [0x00000000f3580000,0x00000000f527d440,0x00000000f5280000)
  to   space 17408K, 0% used [0x00000000f5e80000,0x00000000f5e80000,0x00000000f6f80000)
 ParOldGen       total 154112K, used 153956K [0x0000000080000000, 0x0000000089680000, 0x00000000d5580000)
  object space 154112K, 99% used [0x0000000080000000,0x00000000896591b0,0x0000000089680000)
 Metaspace       used 88889K, capacity 93358K, committed 93440K, reserved 1130496K
  class space    used 11925K, capacity 12768K, committed 12800K, reserved 1048576K
Event: 139.368 GC heap after
Heap after GC invocations=17 (full 4):
 PSYoungGen      total 518656K, used 3569K [0x00000000d5580000, 0x00000000f6f80000, 0x0000000100000000)
  eden space 488960K, 0% used [0x00000000d5580000,0x00000000d5580000,0x00000000f3300000)
  from space 29696K, 12% used [0x00000000f3580000,0x00000000f38fc4f0,0x00000000f5280000)
  to   space 17408K, 0% used [0x00000000f5e80000,0x00000000f5e80000,0x00000000f6f80000)
 ParOldGen       total 260608K, used 153898K [0x0000000080000000, 0x000000008fe80000, 0x00000000d5580000)
  object space 260608K, 59% used [0x0000000080000000,0x000000008964aaa0,0x000000008fe80000)
 Metaspace       used 88877K, capacity 93322K, committed 93440K, reserved 1130496K
  class space    used 11921K, capacity 12760K, committed 12800K, reserved 1048576K
}

